[09/11/2016 06:43:54] Sistema Iniciado.
[09/11/2016 06:44:16] Aberto driver com Chrome.
[09/11/2016 06:45:56] Controle instanciado: 53647
[09/11/2016 06:46:26] Arquivo do pacote do CA 53647 extraído.
[09/11/2016 06:46:32] Log de versões do CA 53647 aberto.
[09/11/2016 08:36:07] Sistema finalizado.

[09/11/2016 10:13:47] Sistema Iniciado.
[09/11/2016 10:15:00] Aberto driver com Chrome.
[09/11/2016 10:15:13] Controle instanciado: 53609
[09/11/2016 10:15:35] Arquivo do pacote do CA 53609 extraído.
[09/11/2016 10:15:45] Executado o aplica no sqlplus.
[09/11/2016 10:43:33] Sistema finalizado.

[09/11/2016 10:43:34] Sistema Iniciado.
[09/11/2016 10:43:44] Aberto driver com Chrome.
[09/11/2016 10:46:08] Controle instanciado: 53647
[09/11/2016 11:29:49] Sistema finalizado.

[09/11/2016 11:29:51] Sistema Iniciado.
[09/11/2016 11:30:05] Aberto driver com Chrome.
[09/11/2016 11:30:18] Controle instanciado: 53609
[09/11/2016 13:10:29] Sistema finalizado.

