[14/06/2017 17:53:26] Sistema Iniciado.
[14/06/2017 17:54:56] Aberto driver com Chrome.
[14/06/2017 17:55:14] Controle instanciado: 55849
[14/06/2017 19:14:37] Banco Selecionado Para aplicar: SEG_DES8
[14/06/2017 19:14:37] Banco Selecionado Para aplicar: SEG_VAZIO
[14/06/2017 19:14:41] Atribuído objeto do tipo Script - SAC_65559_update_ctm_itens_contas_pag_2017.sql em ts/SEG_DES8
[14/06/2017 19:14:41] Atribuído objeto do tipo Script - SAC_65559_update_ctm_itens_contas_pag_2017.sql em seg_teste/SEG_VAZIO
[14/06/2017 19:14:41] Atribuído objeto do tipo Script - SAC_65559_update_ctm_itens_contas_pag_09_12_mes_2016.sql em ts/SEG_DES8
[14/06/2017 19:14:41] Atribuído objeto do tipo Script - SAC_65559_update_ctm_itens_contas_pag_09_12_mes_2016.sql em seg_teste/SEG_VAZIO
[14/06/2017 19:14:41] Atribuído objeto do tipo Script - SAC_65559_update_ctm_itens_contas_pag_05_08_mes_2016.sql em ts/SEG_DES8
[14/06/2017 19:14:41] Atribuído objeto do tipo Script - SAC_65559_update_ctm_itens_contas_pag_05_08_mes_2016.sql em seg_teste/SEG_VAZIO
[14/06/2017 19:14:41] Atribuído objeto do tipo Script - SAC_65559_update_ctm_itens_contas_pag_01_04_mes_2017.sql em ts/SEG_DES8
[14/06/2017 19:14:41] Atribuído objeto do tipo Script - SAC_65559_update_ctm_itens_contas_pag_01_04_mes_2017.sql em seg_teste/SEG_VAZIO
[14/06/2017 19:14:44] Sistema alterando o aplica para ordem certa de aplicação
[14/06/2017 19:14:46] Selecionado P/ Não Criptografar em: SEG_VAZIO 
[14/06/2017 19:14:46] Selecionado P/ Criptografar em: SEG_DES8 
[14/06/2017 19:14:46] Arquivo "APLICA.SQL" criado com sucesso.
[14/06/2017 19:14:53] Executado o aplica no sqlplus.
[14/06/2017 19:41:39] Sistema Iniciado.
[14/06/2017 19:43:29] Aberto driver com Chrome.
[14/06/2017 19:44:00] Controle instanciado: 55864
[14/06/2017 19:44:18] Arquivo do pacote do CA 55864 extraído.
[14/06/2017 19:45:05] Banco Selecionado Para aplicar: SEG_DES8
[14/06/2017 19:45:05] Banco Selecionado Para aplicar: SEG_VAZIO
[14/06/2017 19:45:10] Atribuído objeto do tipo Sinonimo - TS_SISTEMA.CON_AGENDAMENTO_REAJUSTE_ddl.sql em ts/SEG_DES8
[14/06/2017 19:45:10] Atribuído objeto do tipo Sinonimo - TS_SISTEMA.CON_AGENDAMENTO_REAJUSTE_ddl.sql em seg_teste/SEG_VAZIO
[14/06/2017 19:45:10] Atribuído objeto do tipo Table - TS.CON_AGENDAMENTO_REAJUSTE_ddl.sql em ts/SEG_DES8
[14/06/2017 19:45:10] Atribuído objeto do tipo Table - TS.CON_AGENDAMENTO_REAJUSTE_ddl.sql em seg_teste/SEG_VAZIO
[14/06/2017 19:45:11] Sistema alterando o aplica para ordem certa de aplicação
[14/06/2017 19:45:13] Selecionado P/ Não Criptografar em: SEG_VAZIO 
[14/06/2017 19:45:13] Selecionado P/ Criptografar em: SEG_DES8 
[14/06/2017 19:45:13] Arquivo "APLICA.SQL" criado com sucesso.
[14/06/2017 19:45:29] Executado o aplica no sqlplus.
[14/06/2017 19:47:33] Sistema Iniciado.
[14/06/2017 19:47:41] Aberto driver com Chrome.
[14/06/2017 19:48:11] Sistema finalizado.

[14/06/2017 20:07:27] Sistema finalizado.

