[12/09/2016 10:56:01] Sistema Iniciado.
[12/09/2016 10:56:29] Aberto driver com Chrome.
[12/09/2016 10:56:54] Controle instanciado: 52896
[12/09/2016 11:37:45] Sistema finalizado.

[12/09/2016 15:09:32] Sistema Iniciado.
[12/09/2016 15:09:57] Aberto driver com Chrome.
[12/09/2016 15:10:34] Controle instanciado: 52896
[12/09/2016 15:11:29] Arquivo do pacote do CA 52896 extraído.
[12/09/2016 15:11:33] Executado o aplica no sqlplus.
[12/09/2016 15:13:16] Log de aplicão no banco do CA 52896 aberto.
[12/09/2016 15:24:51] Sistema finalizado.

[12/09/2016 15:25:27] Sistema Iniciado.
[12/09/2016 15:25:42] Aberto driver com Chrome.
[12/09/2016 15:27:06] Controle instanciado: 52560
[12/09/2016 15:27:49] Arquivo do pacote do CA 52560 extraído.
[12/09/2016 15:28:06] Banco Selecionado Para aplicar: HOMO_MED
[12/09/2016 15:28:31] Atribuído objeto do tipo Script - ts_script_insert_negociacao.sql em ts_teste/HOMO_MED
[12/09/2016 15:28:31] Atribuído objeto do tipo Sinonimo - TS_SISTEMA.TS_NEGOCIACAO_COBRANCA_SEQ_ddl.sql em ts_teste/HOMO_MED
[12/09/2016 15:28:31] Atribuído objeto do tipo Sinonimo - TS_SISTEMA.TS_CONTROLE_COBRANCA_SEQ_ddl.sql em ts_teste/HOMO_MED
[12/09/2016 15:28:31] Atribuído objeto do tipo Sinonimo - TS_SISTEMA.TS_CONTROLE_COBRANCA_REG_SEQ_ddl.sql em ts_teste/HOMO_MED
[12/09/2016 15:28:31] Atribuído objeto do tipo Sinonimo - TS_SISTEMA.TIPO_NEGOCIACAO_COB_ddl.sql em ts_teste/HOMO_MED
[12/09/2016 15:28:31] Atribuído objeto do tipo Sinonimo - TS_SISTEMA.REC_NEGOCIACAO_COBRANCA_ddl.sql em ts_teste/HOMO_MED
[12/09/2016 15:28:31] Atribuído objeto do tipo Sinonimo - TS_SISTEMA.PERFIL_NEG_CLIENTE_ddl.sql em ts_teste/HOMO_MED
[12/09/2016 15:28:31] Atribuído objeto do tipo Sinonimo - TS_SISTEMA.PERFIL_NEGOCIACAO_ddl.sql em ts_teste/HOMO_MED
[12/09/2016 15:28:31] Atribuído objeto do tipo Sinonimo - TS_SISTEMA.PERFIL_CLI_NEGOCIACAO_ddl.sql em ts_teste/HOMO_MED
[12/09/2016 15:28:31] Atribuído objeto do tipo Sinonimo - TS_SISTEMA.PARCELAS_NEGOCIACAO_ddl.sql em ts_teste/HOMO_MED
[12/09/2016 15:28:31] Atribuído objeto do tipo Sinonimo - TS_SISTEMA.NEGOCIACAO_COBRANCA_ddl.sql em ts_teste/HOMO_MED
[12/09/2016 15:28:31] Atribuído objeto do tipo Sinonimo - TS_SISTEMA.CONTROLE_COBRANCA_REG_ddl.sql em ts_teste/HOMO_MED
[12/09/2016 15:28:31] Atribuído objeto do tipo Sinonimo - TS_SISTEMA.CONTROLE_COBRANCA_ddl.sql em ts_teste/HOMO_MED
[12/09/2016 15:28:31] Atribuído objeto do tipo Sinonimo - TS_SISTEMA.COBRANCAS_NEGOCIACAO_ddl.sql em ts_teste/HOMO_MED
[12/09/2016 15:28:31] Atribuído objeto do tipo Package - TS.FAT_REL_DEMONSTRATIVO_COBRANCA_ddl.sql em ts_teste/HOMO_MED
[12/09/2016 15:28:31] Atribuído objeto do tipo Procedure - TS.REC_TIPO_NEGOCIACAO_COB_ddl.sql em ts_teste/HOMO_MED
[12/09/2016 15:28:31] Atribuído objeto do tipo Procedure - TS.REC_NEGOCIACAO_COBRANCA_ddl.sql em ts_teste/HOMO_MED
[12/09/2016 15:28:31] Atribuído objeto do tipo Table - TS.TIPO_NEGOCIACAO_COB_ddl.sql em ts_teste/HOMO_MED
[12/09/2016 15:28:31] Atribuído objeto do tipo Table - TS.PERFIL_NEG_CLIENTE_ddl.sql em ts_teste/HOMO_MED
[12/09/2016 15:28:31] Atribuído objeto do tipo Table - TS.PERFIL_NEGOCIACAO_ddl.sql em ts_teste/HOMO_MED
[12/09/2016 15:28:31] Atribuído objeto do tipo Table - TS.PERFIL_CLI_NEGOCIACAO_ddl.sql em ts_teste/HOMO_MED
[12/09/2016 15:28:31] Atribuído objeto do tipo Table - TS.PARCELAS_NEGOCIACAO_ddl.sql em ts_teste/HOMO_MED
[12/09/2016 15:28:31] Atribuído objeto do tipo Table - TS.NEGOCIACAO_COBRANCA_ddl.sql em ts_teste/HOMO_MED
[12/09/2016 15:28:31] Atribuído objeto do tipo Table - ts.cobranca_ddl.sql em ts_teste/HOMO_MED
[12/09/2016 15:28:40] Sistema alterando o aplica para ordem certa de aplicação
[12/09/2016 15:28:42] Selecionado P/ Não Criptografar em: HOMO_MED 
[12/09/2016 15:28:42] Selecionado P/ Criptografar em: 
[12/09/2016 15:28:42] Arquivo "APLICA.SQL" criado com sucesso.
[12/09/2016 15:28:47] Executado o aplica no sqlplus.
[12/09/2016 17:15:12] Sistema finalizado.

[12/09/2016 17:15:46] Sistema Iniciado.
[12/09/2016 17:15:55] Aberto driver com Chrome.
[12/09/2016 17:16:08] Controle instanciado: 52896
[12/09/2016 17:16:50] Executado o aplica no sqlplus.
[12/09/2016 17:17:00] Sistema finalizado.

[12/09/2016 17:26:46] Sistema Iniciado.
[12/09/2016 17:26:57] Aberto driver com Chrome.
[12/09/2016 17:27:13] Controle instanciado: 52896
[12/09/2016 17:27:29] Arquivo do pacote do CA 52896 extraído.
[12/09/2016 17:27:32] Executado o aplica no sqlplus.
[12/09/2016 17:27:45] Log de aplicão no banco do CA 52896 aberto.
[12/09/2016 17:28:30] Banco Selecionado Para aplicar: QUALI_BR
[12/09/2016 17:28:30] Banco Selecionado Para aplicar: TSBRTD
[12/09/2016 17:28:32] Atribuído objeto do tipo Package - TS_BR.ASS_GRAVA_FAIXA_ddl.sql em ts_teste/QUALI_BR
[12/09/2016 17:28:32] Atribuído objeto do tipo Package - TS_BR.ASS_GRAVA_FAIXA_ddl.sql em ts/TSBRTD
[12/09/2016 17:28:34] Sistema alterando o aplica para ordem certa de aplicação
[12/09/2016 17:28:37] Selecionado P/ Não Criptografar em: QUALI_BR 
[12/09/2016 17:28:37] Selecionado P/ Criptografar em: TSBRTD 
[12/09/2016 17:28:37] Arquivo "APLICA.SQL" criado com sucesso.
[12/09/2016 17:28:42] Executado o aplica no sqlplus.
[12/09/2016 17:39:26] Log de aplicão no banco do CA 52896 aberto.
[12/09/2016 17:42:07] Sistema finalizado.

