[09/02/2017 10:34:19] Sistema Iniciado.
[09/02/2017 10:34:40] Aberto driver com Chrome.
[09/02/2017 10:34:57] Controle instanciado: 54589
[09/02/2017 10:35:18] Arquivo do pacote do CA 54589 extraído.
[09/02/2017 10:36:42] Banco Selecionado Para aplicar: HOMO_MED
[09/02/2017 10:36:42] Banco Selecionado Para aplicar: HOMO_ODO
[09/02/2017 10:36:54] Atribuído objeto do tipo Package - TS_ODO.ODO_AUT_FCH_PEDIDO_AUTORIZACAO_ddl.sql em ts_teste/HOMO_ODO
[09/02/2017 10:37:00] Atribuído objeto do tipo Package - TS.INTEGRACAO_TISS_COMUM_V3_02_00_ddl.sql em ts_teste/HOMO_MED
[09/02/2017 10:37:05] Sistema alterando o aplica para ordem certa de aplicação
[09/02/2017 10:37:07] Selecionado P/ Não Criptografar em: HOMO_MED HOMO_ODO 
[09/02/2017 10:37:07] Selecionado P/ Criptografar em: 
[09/02/2017 10:37:07] Arquivo "APLICA.SQL" criado com sucesso.
[09/02/2017 10:37:15] Executado o aplica no sqlplus.
[09/02/2017 10:38:46] Log de aplicão no banco do CA 54589 aberto.
[09/02/2017 10:39:19] Banco Selecionado Para aplicar: INST_ODO
[09/02/2017 10:39:19] Banco Selecionado Para aplicar: INST_MED
[09/02/2017 10:39:19] Banco Selecionado Para aplicar: DEMO_MED
[09/02/2017 10:39:19] Banco Selecionado Para aplicar: DEMO_ODO
[09/02/2017 10:39:19] Banco Selecionado Para aplicar: HOMO_MED
[09/02/2017 10:39:19] Banco Selecionado Para aplicar: HOMO_ODO
[09/02/2017 10:39:19] Banco Selecionado Para aplicar: METLIFE
[09/02/2017 10:39:19] Banco Selecionado Para aplicar: METLIFE_VAZIO
[09/02/2017 10:40:33] Atribuído objeto do tipo Package - TS.INTEGRACAO_TISS_COMUM_V3_02_00_ddl.sql em ts/INST_ODO
[09/02/2017 10:40:33] Atribuído objeto do tipo Package - TS.INTEGRACAO_TISS_COMUM_V3_02_00_ddl.sql em ts/INST_MED
[09/02/2017 10:40:33] Atribuído objeto do tipo Package - TS.INTEGRACAO_TISS_COMUM_V3_02_00_ddl.sql em ts/DEMO_MED
[09/02/2017 10:40:33] Atribuído objeto do tipo Package - TS.INTEGRACAO_TISS_COMUM_V3_02_00_ddl.sql em ts/DEMO_ODO
[09/02/2017 10:40:33] Atribuído objeto do tipo Package - TS.INTEGRACAO_TISS_COMUM_V3_02_00_ddl.sql em ts_teste/HOMO_MED
[09/02/2017 10:40:33] Atribuído objeto do tipo Package - TS.INTEGRACAO_TISS_COMUM_V3_02_00_ddl.sql em ts_teste/HOMO_ODO
[09/02/2017 10:40:33] Atribuído objeto do tipo Package - TS.INTEGRACAO_TISS_COMUM_V3_02_00_ddl.sql em ts/METLIFE
[09/02/2017 10:40:33] Atribuído objeto do tipo Package - TS.INTEGRACAO_TISS_COMUM_V3_02_00_ddl.sql em ml_teste/METLIFE_VAZIO
[09/02/2017 10:40:55] Atribuído objeto do tipo Package - TS_ODO.ODO_AUT_FCH_PEDIDO_AUTORIZACAO_ddl.sql em ts/INST_ODO
[09/02/2017 10:40:55] Atribuído objeto do tipo Package - TS_ODO.ODO_AUT_FCH_PEDIDO_AUTORIZACAO_ddl.sql em ts/INST_MED
[09/02/2017 10:40:55] Atribuído objeto do tipo Package - TS_ODO.ODO_AUT_FCH_PEDIDO_AUTORIZACAO_ddl.sql em ts/DEMO_MED
[09/02/2017 10:40:55] Atribuído objeto do tipo Package - TS_ODO.ODO_AUT_FCH_PEDIDO_AUTORIZACAO_ddl.sql em ts/DEMO_ODO
[09/02/2017 10:40:55] Atribuído objeto do tipo Package - TS_ODO.ODO_AUT_FCH_PEDIDO_AUTORIZACAO_ddl.sql em ts_teste/HOMO_MED
[09/02/2017 10:40:55] Atribuído objeto do tipo Package - TS_ODO.ODO_AUT_FCH_PEDIDO_AUTORIZACAO_ddl.sql em ts_teste/HOMO_ODO
[09/02/2017 10:40:55] Atribuído objeto do tipo Package - TS_ODO.ODO_AUT_FCH_PEDIDO_AUTORIZACAO_ddl.sql em ts/METLIFE
[09/02/2017 10:40:55] Atribuído objeto do tipo Package - TS_ODO.ODO_AUT_FCH_PEDIDO_AUTORIZACAO_ddl.sql em ml_teste/METLIFE_VAZIO
[09/02/2017 10:40:58] Sistema alterando o aplica para ordem certa de aplicação
[09/02/2017 10:41:15] Selecionado P/ Não Criptografar em: INST_ODO INST_MED DEMO_MED DEMO_ODO HOMO_MED HOMO_ODO METLIFE_VAZIO 
[09/02/2017 10:41:15] Selecionado P/ Criptografar em: METLIFE 
[09/02/2017 10:41:15] Arquivo "APLICA.SQL" criado com sucesso.
[09/02/2017 10:41:21] Executado o aplica no sqlplus.
[09/02/2017 10:49:20] Banco Selecionado Para aplicar: INST_ODO
[09/02/2017 10:49:20] Banco Selecionado Para aplicar: INST_MED
[09/02/2017 10:49:20] Banco Selecionado Para aplicar: DEMO_MED
[09/02/2017 10:49:20] Banco Selecionado Para aplicar: DEMO_ODO
[09/02/2017 10:49:20] Banco Selecionado Para aplicar: HOMO_MED
[09/02/2017 10:49:20] Banco Selecionado Para aplicar: HOMO_ODO
[09/02/2017 10:49:20] Banco Selecionado Para aplicar: METLIFE
[09/02/2017 10:49:20] Banco Selecionado Para aplicar: METLIFE_VAZIO
[09/02/2017 10:49:36] Atribuído objeto do tipo Package - TS.INTEGRACAO_TISS_COMUM_V3_02_00_ddl.sql em ts/INST_ODO
[09/02/2017 10:49:36] Atribuído objeto do tipo Package - TS.INTEGRACAO_TISS_COMUM_V3_02_00_ddl.sql em ts/INST_MED
[09/02/2017 10:49:36] Atribuído objeto do tipo Package - TS.INTEGRACAO_TISS_COMUM_V3_02_00_ddl.sql em ts/DEMO_MED
[09/02/2017 10:49:36] Atribuído objeto do tipo Package - TS.INTEGRACAO_TISS_COMUM_V3_02_00_ddl.sql em ts/DEMO_ODO
[09/02/2017 10:49:36] Atribuído objeto do tipo Package - TS.INTEGRACAO_TISS_COMUM_V3_02_00_ddl.sql em ts_teste/HOMO_MED
[09/02/2017 10:49:36] Atribuído objeto do tipo Package - TS.INTEGRACAO_TISS_COMUM_V3_02_00_ddl.sql em ts_teste/HOMO_ODO
[09/02/2017 10:49:36] Atribuído objeto do tipo Package - TS.INTEGRACAO_TISS_COMUM_V3_02_00_ddl.sql em ts/METLIFE
[09/02/2017 10:49:36] Atribuído objeto do tipo Package - TS.INTEGRACAO_TISS_COMUM_V3_02_00_ddl.sql em ml_teste/METLIFE_VAZIO
[09/02/2017 10:50:05] Atribuído objeto do tipo Package - TS_ODO.ODO_AUT_FCH_PEDIDO_AUTORIZACAO_ddl.sql em ts_odo/INST_ODO
[09/02/2017 10:50:05] Atribuído objeto do tipo Package - TS_ODO.ODO_AUT_FCH_PEDIDO_AUTORIZACAO_ddl.sql em ts_odo/DEMO_ODO
[09/02/2017 10:50:05] Atribuído objeto do tipo Package - TS_ODO.ODO_AUT_FCH_PEDIDO_AUTORIZACAO_ddl.sql em ts_teste/HOMO_ODO
[09/02/2017 10:50:05] Atribuído objeto do tipo Package - TS_ODO.ODO_AUT_FCH_PEDIDO_AUTORIZACAO_ddl.sql em ts_odo/METLIFE
[09/02/2017 10:50:05] Atribuído objeto do tipo Package - TS_ODO.ODO_AUT_FCH_PEDIDO_AUTORIZACAO_ddl.sql em ml_teste/METLIFE_VAZIO
[09/02/2017 10:50:30] Sistema alterando o aplica para ordem certa de aplicação
[09/02/2017 10:51:00] Selecionado P/ Não Criptografar em: INST_ODO INST_MED DEMO_MED DEMO_ODO HOMO_MED HOMO_ODO METLIFE_VAZIO 
[09/02/2017 10:51:00] Selecionado P/ Criptografar em: METLIFE 
[09/02/2017 10:51:00] Arquivo "APLICA.SQL" criado com sucesso.
[09/02/2017 10:51:07] Executado o aplica no sqlplus.
[09/02/2017 11:23:37] Sistema finalizado.

