[18/01/2017 07:21:13] Sistema Iniciado.
[18/01/2017 07:24:58] Aberto driver com Chrome.
[18/01/2017 07:27:37] Controle instanciado: 54408
[18/01/2017 07:28:51] Arquivo do pacote do CA 54408 extraído.
[18/01/2017 07:31:37] Banco Selecionado Para aplicar: GIST
[18/01/2017 07:31:40] Atribuído objeto do tipo Package - TS_POR.POR_RCS_RBM_BENEFICIARIO_ddl.sql em ts/GIST
[18/01/2017 07:31:42] Sistema alterando o aplica para ordem certa de aplicação
[18/01/2017 07:31:44] Selecionado P/ Não Criptografar em: GIST 
[18/01/2017 07:31:44] Selecionado P/ Criptografar em: 
[18/01/2017 07:31:44] Arquivo "APLICA.SQL" criado com sucesso.
[18/01/2017 07:32:11] Executado o aplica no sqlplus.
[18/01/2017 07:36:05] Executado o aplica no sqlplus.
[18/01/2017 09:38:19] Sistema Iniciado.
[18/01/2017 09:38:55] Aberto driver com Chrome.
[18/01/2017 09:39:09] Controle instanciado: 54394
[18/01/2017 09:39:16] Arquivo do pacote do CA 54394 extraído.
[18/01/2017 09:39:34] Arquivo do pacote do CA 54394 extraído.
[18/01/2017 09:39:37] Log de versões do CA 54394 aberto.
[18/01/2017 09:40:29] Banco Selecionado Para aplicar: HOMO_MED
[18/01/2017 09:40:31] Atribuído objeto do tipo Package - TS.AUT_CTX_BENEFICIARIO_ddl.sql em ts_teste/HOMO_MED
[18/01/2017 09:40:33] Sistema alterando o aplica para ordem certa de aplicação
[18/01/2017 09:40:34] Selecionado P/ Não Criptografar em: HOMO_MED 
[18/01/2017 09:40:34] Selecionado P/ Criptografar em: 
[18/01/2017 09:40:34] Arquivo "APLICA.SQL" criado com sucesso.
[18/01/2017 09:40:40] Executado o aplica no sqlplus.
[18/01/2017 09:41:20] Banco Selecionado Para aplicar: INST_MED
[18/01/2017 09:41:20] Banco Selecionado Para aplicar: DEMO_MED
[18/01/2017 09:41:20] Banco Selecionado Para aplicar: HOMO_MED
[18/01/2017 09:41:20] Banco Selecionado Para aplicar: SEPACO-TESTE
[18/01/2017 09:41:20] Banco Selecionado Para aplicar: SEP_VAZIO
[18/01/2017 09:41:31] Atribuído objeto do tipo Package - TS.AUT_CTX_BENEFICIARIO_ddl.sql em ts/INST_MED
[18/01/2017 09:41:31] Atribuído objeto do tipo Package - TS.AUT_CTX_BENEFICIARIO_ddl.sql em ts/DEMO_MED
[18/01/2017 09:41:31] Atribuído objeto do tipo Package - TS.AUT_CTX_BENEFICIARIO_ddl.sql em ts_teste/HOMO_MED
[18/01/2017 09:41:31] Atribuído objeto do tipo Package - TS.AUT_CTX_BENEFICIARIO_ddl.sql em ts/SEPACO-TESTE
[18/01/2017 09:41:31] Atribuído objeto do tipo Package - TS.AUT_CTX_BENEFICIARIO_ddl.sql em ts_teste/SEP_VAZIO
[18/01/2017 09:41:32] Sistema alterando o aplica para ordem certa de aplicação
[18/01/2017 09:41:35] Selecionado P/ Não Criptografar em: INST_MED DEMO_MED HOMO_MED SEP_VAZIO 
[18/01/2017 09:41:35] Selecionado P/ Criptografar em: SEPACO-TESTE 
[18/01/2017 09:41:35] Arquivo "APLICA.SQL" criado com sucesso.
[18/01/2017 09:41:42] Executado o aplica no sqlplus.
[18/01/2017 09:45:43] Executado o aplica no sqlplus.
[18/01/2017 09:51:51] Arquivo do pacote do CA 54394 extraído.
[18/01/2017 09:51:56] Executado o aplica no sqlplus.
[18/01/2017 11:52:09] Sistema finalizado.

[18/01/2017 11:52:09] Sistema finalizado.

[18/01/2017 11:52:16] Sistema Iniciado.
[18/01/2017 11:52:19] Sistema finalizado.

[18/01/2017 13:55:28] Sistema Iniciado.
[18/01/2017 13:55:41] Aberto driver com Chrome.
[18/01/2017 13:55:54] Controle instanciado: 54394
[18/01/2017 13:56:20] Banco Selecionado Para aplicar: SEP_VAZIO
[18/01/2017 13:56:22] Atribuído objeto do tipo Package - TS.AUT_CTX_BENEFICIARIO_ddl.sql em ts_teste/SEP_VAZIO
[18/01/2017 13:56:24] Sistema alterando o aplica para ordem certa de aplicação
[18/01/2017 13:56:26] Selecionado P/ Não Criptografar em: SEP_VAZIO 
[18/01/2017 13:56:26] Selecionado P/ Criptografar em: 
[18/01/2017 13:56:26] Arquivo "APLICA.SQL" criado com sucesso.
[18/01/2017 13:56:35] Executado o aplica no sqlplus.
[18/01/2017 14:07:23] Sistema finalizado.

