[06/01/2017 10:51:46] Sistema Iniciado.
[06/01/2017 11:05:07] Sistema finalizado.

[06/01/2017 13:30:57] Sistema Iniciado.
[06/01/2017 14:37:36] Aberto driver com Chrome.
[06/01/2017 14:37:55] Controle instanciado: 53966
[06/01/2017 14:38:08] Banco Selecionado Para aplicar: MAR_VAZIO
[06/01/2017 14:38:08] Banco Selecionado Para aplicar: GIST
[06/01/2017 14:38:15] Atribuído objeto do tipo Script - ts_sec.funcao_INSERT_DDL.SQL em mar_teste/MAR_VAZIO
[06/01/2017 14:38:15] Atribuído objeto do tipo Script - ts_sec.funcao_INSERT_DDL.SQL em ts/GIST
[06/01/2017 14:38:15] Atribuído objeto do tipo Script - TS.TS_JOB_INSERT_DDL.SQL em mar_teste/MAR_VAZIO
[06/01/2017 14:38:15] Atribuído objeto do tipo Script - TS.TS_JOB_INSERT_DDL.SQL em ts/GIST
[06/01/2017 14:38:15] Atribuído objeto do tipo Script - 9_update_tipo_reajuste_rpc.sql em mar_teste/MAR_VAZIO
[06/01/2017 14:38:15] Atribuído objeto do tipo Script - 9_update_tipo_reajuste_rpc.sql em ts/GIST
[06/01/2017 14:38:15] Atribuído objeto do tipo Script - 8_script_limpa_dup_ans_rpc_automatico.sql em mar_teste/MAR_VAZIO
[06/01/2017 14:38:15] Atribuído objeto do tipo Script - 8_script_limpa_dup_ans_rpc_automatico.sql em ts/GIST
[06/01/2017 14:38:15] Atribuído objeto do tipo Script - 7_script_atualiza_contrato_plano_rpc.sql em mar_teste/MAR_VAZIO
[06/01/2017 14:38:15] Atribuído objeto do tipo Script - 7_script_atualiza_contrato_plano_rpc.sql em ts/GIST
[06/01/2017 14:38:15] Atribuído objeto do tipo Script - 6_script_ts_job_rpc_canc.sql em mar_teste/MAR_VAZIO
[06/01/2017 14:38:15] Atribuído objeto do tipo Script - 6_script_ts_job_rpc_canc.sql em ts/GIST
[06/01/2017 14:38:15] Atribuído objeto do tipo Script - 5_script_tipo_motivo_justificativa_rpc.sql em mar_teste/MAR_VAZIO
[06/01/2017 14:38:15] Atribuído objeto do tipo Script - 5_script_tipo_motivo_justificativa_rpc.sql em ts/GIST
[06/01/2017 14:38:15] Atribuído objeto do tipo Script - 4_script_tipo_justificativa_rpc.sql em mar_teste/MAR_VAZIO
[06/01/2017 14:38:15] Atribuído objeto do tipo Script - 4_script_tipo_justificativa_rpc.sql em ts/GIST
[06/01/2017 14:38:15] Atribuído objeto do tipo Script - 3_insert_ans_tipo_justificativa_rpc.sql em mar_teste/MAR_VAZIO
[06/01/2017 14:38:15] Atribuído objeto do tipo Script - 3_insert_ans_tipo_justificativa_rpc.sql em ts/GIST
[06/01/2017 14:38:15] Atribuído objeto do tipo Script - 2_insert_funcoes_rpc.sql em mar_teste/MAR_VAZIO
[06/01/2017 14:38:15] Atribuído objeto do tipo Script - 2_insert_funcoes_rpc.sql em ts/GIST
[06/01/2017 14:38:15] Atribuído objeto do tipo Script - 1_insert_tipo_ocorrencia_contrato_rpc.sql em mar_teste/MAR_VAZIO
[06/01/2017 14:38:15] Atribuído objeto do tipo Script - 1_insert_tipo_ocorrencia_contrato_rpc.sql em ts/GIST
[06/01/2017 14:38:15] Atribuído objeto do tipo Sinonimo - TS_SISTEMA.CON_RETIFICAR_GRUPO_CONTRATO_DDL.SQL em mar_teste/MAR_VAZIO
[06/01/2017 14:38:15] Atribuído objeto do tipo Sinonimo - TS_SISTEMA.CON_RETIFICAR_GRUPO_CONTRATO_DDL.SQL em ts/GIST
[06/01/2017 14:38:15] Atribuído objeto do tipo Sinonimo - TS_SISTEMA.CON_CALCULA_NOVA_VIGENCIA_DDL.SQL em mar_teste/MAR_VAZIO
[06/01/2017 14:38:15] Atribuído objeto do tipo Sinonimo - TS_SISTEMA.CON_CALCULA_NOVA_VIGENCIA_DDL.SQL em ts/GIST
[06/01/2017 14:38:15] Atribuído objeto do tipo Sinonimo - TS_SISTEMA.ANS_RPC_CANCELAMENTO_ddl.sql em mar_teste/MAR_VAZIO
[06/01/2017 14:38:15] Atribuído objeto do tipo Sinonimo - TS_SISTEMA.ANS_RPC_CANCELAMENTO_ddl.sql em ts/GIST
[06/01/2017 14:38:15] Atribuído objeto do tipo Sinonimo - ts_sistema.ans_rcs_consultas_rpc_ddl.sql em mar_teste/MAR_VAZIO
[06/01/2017 14:38:15] Atribuído objeto do tipo Sinonimo - ts_sistema.ans_rcs_consultas_rpc_ddl.sql em ts/GIST
[06/01/2017 14:38:15] Atribuído objeto do tipo Sinonimo - ts_sistema.ans_atu_contrato_plano_ret_ddl.sql em mar_teste/MAR_VAZIO
[06/01/2017 14:38:15] Atribuído objeto do tipo Sinonimo - ts_sistema.ans_atu_contrato_plano_ret_ddl.sql em ts/GIST
[06/01/2017 14:38:15] Atribuído objeto do tipo Sinonimo - ts_sistema.ans_atu_contrato_plano_canc_ddl.sql em mar_teste/MAR_VAZIO
[06/01/2017 14:38:15] Atribuído objeto do tipo Sinonimo - ts_sistema.ans_atu_contrato_plano_canc_ddl.sql em ts/GIST
[06/01/2017 14:38:15] Atribuído objeto do tipo Package - TS.CON_RETIFICAR_GRUPO_CONTRATO_DDL.SQL em mar_teste/MAR_VAZIO
[06/01/2017 14:38:15] Atribuído objeto do tipo Package - TS.CON_RETIFICAR_GRUPO_CONTRATO_DDL.SQL em ts/GIST
[06/01/2017 14:38:15] Atribuído objeto do tipo Package - ts.ass_cons_reajuste_ddl.sql em mar_teste/MAR_VAZIO
[06/01/2017 14:38:15] Atribuído objeto do tipo Package - ts.ass_cons_reajuste_ddl.sql em ts/GIST
[06/01/2017 14:38:15] Atribuído objeto do tipo Package - TS.ANS_RPC_CANCELAMENTO_ddl.sql em mar_teste/MAR_VAZIO
[06/01/2017 14:38:15] Atribuído objeto do tipo Package - TS.ANS_RPC_CANCELAMENTO_ddl.sql em ts/GIST
[06/01/2017 14:38:15] Atribuído objeto do tipo Package - ts.ans_rcs_consultas_rpc_ddl.sql em mar_teste/MAR_VAZIO
[06/01/2017 14:38:15] Atribuído objeto do tipo Package - ts.ans_rcs_consultas_rpc_ddl.sql em ts/GIST
[06/01/2017 14:38:15] Atribuído objeto do tipo Procedure - TS.CON_CALCULA_NOVA_VIGENCIA_ddl.sql em mar_teste/MAR_VAZIO
[06/01/2017 14:38:15] Atribuído objeto do tipo Procedure - TS.CON_CALCULA_NOVA_VIGENCIA_ddl.sql em ts/GIST
[06/01/2017 14:38:15] Atribuído objeto do tipo Procedure - TS.ANS_RPC_GERA_ARQUIVO_ddl.sql em mar_teste/MAR_VAZIO
[06/01/2017 14:38:15] Atribuído objeto do tipo Procedure - TS.ANS_RPC_GERA_ARQUIVO_ddl.sql em ts/GIST
[06/01/2017 14:38:15] Atribuído objeto do tipo Procedure - TS.ANS_RPC_APROVACAO_ddl.sql em mar_teste/MAR_VAZIO
[06/01/2017 14:38:15] Atribuído objeto do tipo Procedure - TS.ANS_RPC_APROVACAO_ddl.sql em ts/GIST
[06/01/2017 14:38:15] Atribuído objeto do tipo Procedure - ts.ans_atu_contrato_plano_ret_ddl.sql em mar_teste/MAR_VAZIO
[06/01/2017 14:38:15] Atribuído objeto do tipo Procedure - ts.ans_atu_contrato_plano_ret_ddl.sql em ts/GIST
[06/01/2017 14:38:15] Atribuído objeto do tipo Procedure - ts.ans_atu_contrato_plano_canc_ddl.sql em mar_teste/MAR_VAZIO
[06/01/2017 14:38:15] Atribuído objeto do tipo Procedure - ts.ans_atu_contrato_plano_canc_ddl.sql em ts/GIST
[06/01/2017 14:38:15] Atribuído objeto do tipo Index - TS.CONTRATO_PLANO_IDX004_DDL.SQL em mar_teste/MAR_VAZIO
[06/01/2017 14:38:15] Atribuído objeto do tipo Index - TS.CONTRATO_PLANO_IDX004_DDL.SQL em ts/GIST
[06/01/2017 14:38:15] Atribuído objeto do tipo Index - TS.CONTRATO_PLANO_IDX003_DDL.SQL em mar_teste/MAR_VAZIO
[06/01/2017 14:38:15] Atribuído objeto do tipo Index - TS.CONTRATO_PLANO_IDX003_DDL.SQL em ts/GIST
[06/01/2017 14:38:15] Atribuído objeto do tipo Index - TS.CONTRATO_COBRANCA_IDX010_DDL.SQL em mar_teste/MAR_VAZIO
[06/01/2017 14:38:15] Atribuído objeto do tipo Index - TS.CONTRATO_COBRANCA_IDX010_DDL.SQL em ts/GIST
[06/01/2017 14:38:15] Atribuído objeto do tipo Table - TS.TIPO_MOTIVO_JUSTIFICATIVA_RPC_ddl.sql em mar_teste/MAR_VAZIO
[06/01/2017 14:38:15] Atribuído objeto do tipo Table - TS.TIPO_MOTIVO_JUSTIFICATIVA_RPC_ddl.sql em ts/GIST
[06/01/2017 14:38:15] Atribuído objeto do tipo Table - TS.TIPO_JUSTIFICATIVA_RPC_ddl.sql em mar_teste/MAR_VAZIO
[06/01/2017 14:38:15] Atribuído objeto do tipo Table - TS.TIPO_JUSTIFICATIVA_RPC_ddl.sql em ts/GIST
[06/01/2017 14:38:15] Atribuído objeto do tipo Table - TS.CONTRATO_PLANO_ddl.sql em mar_teste/MAR_VAZIO
[06/01/2017 14:38:15] Atribuído objeto do tipo Table - TS.CONTRATO_PLANO_ddl.sql em ts/GIST
[06/01/2017 14:38:15] Atribuído objeto do tipo Table - ts.contrato_cobranca_ddl.sql em mar_teste/MAR_VAZIO
[06/01/2017 14:38:15] Atribuído objeto do tipo Table - ts.contrato_cobranca_ddl.sql em ts/GIST
[06/01/2017 14:38:15] Atribuído objeto do tipo Table - TS.ANS_TIPO_JUSTIFICATIVA_RPC_ddl.sql em mar_teste/MAR_VAZIO
[06/01/2017 14:38:15] Atribuído objeto do tipo Table - TS.ANS_TIPO_JUSTIFICATIVA_RPC_ddl.sql em ts/GIST
[06/01/2017 14:38:15] Atribuído objeto do tipo Table - TS.ANS_RPC_AUTOMATICO_ddl.sql em mar_teste/MAR_VAZIO
[06/01/2017 14:38:15] Atribuído objeto do tipo Table - TS.ANS_RPC_AUTOMATICO_ddl.sql em ts/GIST
[06/01/2017 14:38:19] Sistema alterando o aplica para ordem certa de aplicação
[06/01/2017 14:38:22] Selecionado P/ Não Criptografar em: MAR_VAZIO 
[06/01/2017 14:38:22] Selecionado P/ Criptografar em: GIST 
[06/01/2017 14:38:22] Arquivo "APLICA.SQL" criado com sucesso.
[06/01/2017 14:38:37] Executado o aplica no sqlplus.
[06/01/2017 14:41:48] Executado o aplica no sqlplus.
[06/01/2017 14:55:28] Banco Selecionado Para aplicar: MAR_VAZIO
[06/01/2017 14:55:35] Atribuído objeto do tipo Script - ts_sec.funcao_INSERT_DDL.SQL em mar_teste/MAR_VAZIO
[06/01/2017 14:55:35] Atribuído objeto do tipo Script - TS.TS_JOB_INSERT_DDL.SQL em mar_teste/MAR_VAZIO
[06/01/2017 14:55:35] Atribuído objeto do tipo Script - 9_update_tipo_reajuste_rpc.sql em mar_teste/MAR_VAZIO
[06/01/2017 14:55:35] Atribuído objeto do tipo Script - 8_script_limpa_dup_ans_rpc_automatico.sql em mar_teste/MAR_VAZIO
[06/01/2017 14:55:35] Atribuído objeto do tipo Script - 7_script_atualiza_contrato_plano_rpc.sql em mar_teste/MAR_VAZIO
[06/01/2017 14:55:35] Atribuído objeto do tipo Script - 6_script_ts_job_rpc_canc.sql em mar_teste/MAR_VAZIO
[06/01/2017 14:55:35] Atribuído objeto do tipo Script - 5_script_tipo_motivo_justificativa_rpc.sql em mar_teste/MAR_VAZIO
[06/01/2017 14:55:35] Atribuído objeto do tipo Script - 4_script_tipo_justificativa_rpc.sql em mar_teste/MAR_VAZIO
[06/01/2017 14:55:35] Atribuído objeto do tipo Script - 3_insert_ans_tipo_justificativa_rpc.sql em mar_teste/MAR_VAZIO
[06/01/2017 14:55:35] Atribuído objeto do tipo Script - 2_insert_funcoes_rpc.sql em mar_teste/MAR_VAZIO
[06/01/2017 14:55:35] Atribuído objeto do tipo Script - 1_insert_tipo_ocorrencia_contrato_rpc.sql em mar_teste/MAR_VAZIO
[06/01/2017 14:55:35] Atribuído objeto do tipo Sinonimo - TS_SISTEMA.CON_RETIFICAR_GRUPO_CONTRATO_DDL.SQL em mar_teste/MAR_VAZIO
[06/01/2017 14:55:35] Atribuído objeto do tipo Sinonimo - TS_SISTEMA.CON_CALCULA_NOVA_VIGENCIA_DDL.SQL em mar_teste/MAR_VAZIO
[06/01/2017 14:55:35] Atribuído objeto do tipo Sinonimo - TS_SISTEMA.ANS_RPC_CANCELAMENTO_ddl.sql em mar_teste/MAR_VAZIO
[06/01/2017 14:55:35] Atribuído objeto do tipo Sinonimo - ts_sistema.ans_rcs_consultas_rpc_ddl.sql em mar_teste/MAR_VAZIO
[06/01/2017 14:55:35] Atribuído objeto do tipo Sinonimo - ts_sistema.ans_atu_contrato_plano_ret_ddl.sql em mar_teste/MAR_VAZIO
[06/01/2017 14:55:35] Atribuído objeto do tipo Sinonimo - ts_sistema.ans_atu_contrato_plano_canc_ddl.sql em mar_teste/MAR_VAZIO
[06/01/2017 14:55:35] Atribuído objeto do tipo Package - TS.CON_RETIFICAR_GRUPO_CONTRATO_DDL.SQL em mar_teste/MAR_VAZIO
[06/01/2017 14:55:35] Atribuído objeto do tipo Package - ts.ass_cons_reajuste_ddl.sql em mar_teste/MAR_VAZIO
[06/01/2017 14:55:35] Atribuído objeto do tipo Package - TS.ANS_RPC_CANCELAMENTO_ddl.sql em mar_teste/MAR_VAZIO
[06/01/2017 14:55:35] Atribuído objeto do tipo Package - ts.ans_rcs_consultas_rpc_ddl.sql em mar_teste/MAR_VAZIO
[06/01/2017 14:55:35] Atribuído objeto do tipo Procedure - TS.CON_CALCULA_NOVA_VIGENCIA_ddl.sql em mar_teste/MAR_VAZIO
[06/01/2017 14:55:35] Atribuído objeto do tipo Procedure - TS.ANS_RPC_GERA_ARQUIVO_ddl.sql em mar_teste/MAR_VAZIO
[06/01/2017 14:55:35] Atribuído objeto do tipo Procedure - TS.ANS_RPC_APROVACAO_ddl.sql em mar_teste/MAR_VAZIO
[06/01/2017 14:55:35] Atribuído objeto do tipo Procedure - ts.ans_atu_contrato_plano_ret_ddl.sql em mar_teste/MAR_VAZIO
[06/01/2017 14:55:35] Atribuído objeto do tipo Procedure - ts.ans_atu_contrato_plano_canc_ddl.sql em mar_teste/MAR_VAZIO
[06/01/2017 14:55:35] Atribuído objeto do tipo Index - TS.CONTRATO_PLANO_IDX004_DDL.SQL em mar_teste/MAR_VAZIO
[06/01/2017 14:55:35] Atribuído objeto do tipo Index - TS.CONTRATO_PLANO_IDX003_DDL.SQL em mar_teste/MAR_VAZIO
[06/01/2017 14:55:35] Atribuído objeto do tipo Index - TS.CONTRATO_COBRANCA_IDX010_DDL.SQL em mar_teste/MAR_VAZIO
[06/01/2017 14:55:35] Atribuído objeto do tipo Table - TS.TIPO_MOTIVO_JUSTIFICATIVA_RPC_ddl.sql em mar_teste/MAR_VAZIO
[06/01/2017 14:55:35] Atribuído objeto do tipo Table - TS.TIPO_JUSTIFICATIVA_RPC_ddl.sql em mar_teste/MAR_VAZIO
[06/01/2017 14:55:35] Atribuído objeto do tipo Table - TS.CONTRATO_PLANO_ddl.sql em mar_teste/MAR_VAZIO
[06/01/2017 14:55:35] Atribuído objeto do tipo Table - ts.contrato_cobranca_ddl.sql em mar_teste/MAR_VAZIO
[06/01/2017 14:55:35] Atribuído objeto do tipo Table - TS.ANS_TIPO_JUSTIFICATIVA_RPC_ddl.sql em mar_teste/MAR_VAZIO
[06/01/2017 14:55:35] Atribuído objeto do tipo Table - TS.ANS_RPC_AUTOMATICO_ddl.sql em mar_teste/MAR_VAZIO
[06/01/2017 14:55:42] Sistema alterando o aplica para ordem certa de aplicação
[06/01/2017 14:55:45] Selecionado P/ Não Criptografar em: MAR_VAZIO 
[06/01/2017 14:55:45] Selecionado P/ Criptografar em: 
[06/01/2017 14:55:45] Arquivo "APLICA.SQL" criado com sucesso.
[06/01/2017 14:56:13] Executado o aplica no sqlplus.
[06/01/2017 15:20:10] Sistema finalizado.

