[16/12/2016 11:48:32] Sistema Iniciado.
[16/12/2016 11:48:53] Sistema finalizado.

[16/12/2016 15:40:35] Sistema Iniciado.
[16/12/2016 16:36:29] Sistema finalizado.

[16/12/2016 16:36:31] Sistema Iniciado.
[16/12/2016 16:36:52] Aberto driver com Chrome.
[16/12/2016 16:37:17] Controle instanciado: 53966
[16/12/2016 16:37:36] Banco Selecionado Para aplicar: SEG_VAZIO
[16/12/2016 16:37:43] Atribuído objeto do tipo Script - ts_sec.funcao_INSERT_DDL.SQL em seg_teste/SEG_VAZIO
[16/12/2016 16:37:43] Atribuído objeto do tipo Script - TS.TS_JOB_INSERT_DDL.SQL em seg_teste/SEG_VAZIO
[16/12/2016 16:37:43] Atribuído objeto do tipo Script - 9_update_tipo_reajuste_rpc.sql em seg_teste/SEG_VAZIO
[16/12/2016 16:37:43] Atribuído objeto do tipo Script - 8_script_limpa_dup_ans_rpc_automatico.sql em seg_teste/SEG_VAZIO
[16/12/2016 16:37:43] Atribuído objeto do tipo Script - 7_script_atualiza_contrato_plano_rpc.sql em seg_teste/SEG_VAZIO
[16/12/2016 16:37:43] Atribuído objeto do tipo Script - 6_script_ts_job_rpc_canc.sql em seg_teste/SEG_VAZIO
[16/12/2016 16:37:43] Atribuído objeto do tipo Script - 5_script_tipo_motivo_justificativa_rpc.sql em seg_teste/SEG_VAZIO
[16/12/2016 16:37:43] Atribuído objeto do tipo Script - 4_script_tipo_justificativa_rpc.sql em seg_teste/SEG_VAZIO
[16/12/2016 16:37:43] Atribuído objeto do tipo Script - 3_insert_ans_tipo_justificativa_rpc.sql em seg_teste/SEG_VAZIO
[16/12/2016 16:37:43] Atribuído objeto do tipo Script - 2_insert_funcoes_rpc.sql em seg_teste/SEG_VAZIO
[16/12/2016 16:37:43] Atribuído objeto do tipo Script - 1_insert_tipo_ocorrencia_contrato_rpc.sql em seg_teste/SEG_VAZIO
[16/12/2016 16:37:43] Atribuído objeto do tipo Sinonimo - TS_SISTEMA.CON_RETIFICAR_GRUPO_CONTRATO_DDL.SQL em seg_teste/SEG_VAZIO
[16/12/2016 16:37:43] Atribuído objeto do tipo Sinonimo - TS_SISTEMA.CON_CALCULA_NOVA_VIGENCIA_DDL.SQL em seg_teste/SEG_VAZIO
[16/12/2016 16:37:43] Atribuído objeto do tipo Sinonimo - TS_SISTEMA.ANS_RPC_CANCELAMENTO_ddl.sql em seg_teste/SEG_VAZIO
[16/12/2016 16:37:43] Atribuído objeto do tipo Sinonimo - ts_sistema.ans_rcs_consultas_rpc_ddl.sql em seg_teste/SEG_VAZIO
[16/12/2016 16:37:43] Atribuído objeto do tipo Sinonimo - ts_sistema.ans_atu_contrato_plano_ret_ddl.sql em seg_teste/SEG_VAZIO
[16/12/2016 16:37:43] Atribuído objeto do tipo Sinonimo - ts_sistema.ans_atu_contrato_plano_canc_ddl.sql em seg_teste/SEG_VAZIO
[16/12/2016 16:37:43] Atribuído objeto do tipo Package - TS.CON_RETIFICAR_GRUPO_CONTRATO_DDL.SQL em seg_teste/SEG_VAZIO
[16/12/2016 16:37:43] Atribuído objeto do tipo Package - ts.ass_cons_reajuste_ddl.sql em seg_teste/SEG_VAZIO
[16/12/2016 16:37:43] Atribuído objeto do tipo Package - TS.ANS_RPC_CANCELAMENTO_ddl.sql em seg_teste/SEG_VAZIO
[16/12/2016 16:37:43] Atribuído objeto do tipo Package - ts.ans_rcs_consultas_rpc_ddl.sql em seg_teste/SEG_VAZIO
[16/12/2016 16:37:43] Atribuído objeto do tipo Procedure - TS.CON_CALCULA_NOVA_VIGENCIA_ddl.sql em seg_teste/SEG_VAZIO
[16/12/2016 16:37:43] Atribuído objeto do tipo Procedure - TS.ANS_RPC_GERA_ARQUIVO_ddl.sql em seg_teste/SEG_VAZIO
[16/12/2016 16:37:43] Atribuído objeto do tipo Procedure - TS.ANS_RPC_APROVACAO_ddl.sql em seg_teste/SEG_VAZIO
[16/12/2016 16:37:43] Atribuído objeto do tipo Procedure - ts.ans_atu_contrato_plano_ret_ddl.sql em seg_teste/SEG_VAZIO
[16/12/2016 16:37:43] Atribuído objeto do tipo Procedure - ts.ans_atu_contrato_plano_canc_ddl.sql em seg_teste/SEG_VAZIO
[16/12/2016 16:37:43] Atribuído objeto do tipo Index - TS.CONTRATO_PLANO_IDX004_DDL.SQL em seg_teste/SEG_VAZIO
[16/12/2016 16:37:43] Atribuído objeto do tipo Index - TS.CONTRATO_PLANO_IDX003_DDL.SQL em seg_teste/SEG_VAZIO
[16/12/2016 16:37:43] Atribuído objeto do tipo Index - TS.CONTRATO_COBRANCA_IDX010_DDL.SQL em seg_teste/SEG_VAZIO
[16/12/2016 16:37:43] Atribuído objeto do tipo Table - TS.TIPO_MOTIVO_JUSTIFICATIVA_RPC_ddl.sql em seg_teste/SEG_VAZIO
[16/12/2016 16:37:43] Atribuído objeto do tipo Table - TS.TIPO_JUSTIFICATIVA_RPC_ddl.sql em seg_teste/SEG_VAZIO
[16/12/2016 16:37:43] Atribuído objeto do tipo Table - TS.CONTRATO_PLANO_ddl.sql em seg_teste/SEG_VAZIO
[16/12/2016 16:37:43] Atribuído objeto do tipo Table - ts.contrato_cobranca_ddl.sql em seg_teste/SEG_VAZIO
[16/12/2016 16:37:43] Atribuído objeto do tipo Table - TS.ANS_TIPO_JUSTIFICATIVA_RPC_ddl.sql em seg_teste/SEG_VAZIO
[16/12/2016 16:37:43] Atribuído objeto do tipo Table - TS.ANS_RPC_AUTOMATICO_ddl.sql em seg_teste/SEG_VAZIO
[16/12/2016 16:37:45] Sistema alterando o aplica para ordem certa de aplicação
[16/12/2016 16:37:51] Banco Selecionado Para aplicar: SEG_DES8
[16/12/2016 16:37:51] Banco Selecionado Para aplicar: SEG_VAZIO
[16/12/2016 16:37:57] Atribuído objeto do tipo Script - ts_sec.funcao_INSERT_DDL.SQL em ts/SEG_DES8
[16/12/2016 16:37:57] Atribuído objeto do tipo Script - ts_sec.funcao_INSERT_DDL.SQL em seg_teste/SEG_VAZIO
[16/12/2016 16:37:57] Atribuído objeto do tipo Script - TS.TS_JOB_INSERT_DDL.SQL em ts/SEG_DES8
[16/12/2016 16:37:57] Atribuído objeto do tipo Script - TS.TS_JOB_INSERT_DDL.SQL em seg_teste/SEG_VAZIO
[16/12/2016 16:37:57] Atribuído objeto do tipo Script - 9_update_tipo_reajuste_rpc.sql em ts/SEG_DES8
[16/12/2016 16:37:57] Atribuído objeto do tipo Script - 9_update_tipo_reajuste_rpc.sql em seg_teste/SEG_VAZIO
[16/12/2016 16:37:57] Atribuído objeto do tipo Script - 8_script_limpa_dup_ans_rpc_automatico.sql em ts/SEG_DES8
[16/12/2016 16:37:57] Atribuído objeto do tipo Script - 8_script_limpa_dup_ans_rpc_automatico.sql em seg_teste/SEG_VAZIO
[16/12/2016 16:37:57] Atribuído objeto do tipo Script - 7_script_atualiza_contrato_plano_rpc.sql em ts/SEG_DES8
[16/12/2016 16:37:57] Atribuído objeto do tipo Script - 7_script_atualiza_contrato_plano_rpc.sql em seg_teste/SEG_VAZIO
[16/12/2016 16:37:57] Atribuído objeto do tipo Script - 6_script_ts_job_rpc_canc.sql em ts/SEG_DES8
[16/12/2016 16:37:57] Atribuído objeto do tipo Script - 6_script_ts_job_rpc_canc.sql em seg_teste/SEG_VAZIO
[16/12/2016 16:37:57] Atribuído objeto do tipo Script - 5_script_tipo_motivo_justificativa_rpc.sql em ts/SEG_DES8
[16/12/2016 16:37:57] Atribuído objeto do tipo Script - 5_script_tipo_motivo_justificativa_rpc.sql em seg_teste/SEG_VAZIO
[16/12/2016 16:37:57] Atribuído objeto do tipo Script - 4_script_tipo_justificativa_rpc.sql em ts/SEG_DES8
[16/12/2016 16:37:57] Atribuído objeto do tipo Script - 4_script_tipo_justificativa_rpc.sql em seg_teste/SEG_VAZIO
[16/12/2016 16:37:57] Atribuído objeto do tipo Script - 3_insert_ans_tipo_justificativa_rpc.sql em ts/SEG_DES8
[16/12/2016 16:37:57] Atribuído objeto do tipo Script - 3_insert_ans_tipo_justificativa_rpc.sql em seg_teste/SEG_VAZIO
[16/12/2016 16:37:57] Atribuído objeto do tipo Script - 2_insert_funcoes_rpc.sql em ts/SEG_DES8
[16/12/2016 16:37:57] Atribuído objeto do tipo Script - 2_insert_funcoes_rpc.sql em seg_teste/SEG_VAZIO
[16/12/2016 16:37:57] Atribuído objeto do tipo Script - 1_insert_tipo_ocorrencia_contrato_rpc.sql em ts/SEG_DES8
[16/12/2016 16:37:57] Atribuído objeto do tipo Script - 1_insert_tipo_ocorrencia_contrato_rpc.sql em seg_teste/SEG_VAZIO
[16/12/2016 16:37:57] Atribuído objeto do tipo Sinonimo - TS_SISTEMA.CON_RETIFICAR_GRUPO_CONTRATO_DDL.SQL em ts/SEG_DES8
[16/12/2016 16:37:57] Atribuído objeto do tipo Sinonimo - TS_SISTEMA.CON_RETIFICAR_GRUPO_CONTRATO_DDL.SQL em seg_teste/SEG_VAZIO
[16/12/2016 16:37:57] Atribuído objeto do tipo Sinonimo - TS_SISTEMA.CON_CALCULA_NOVA_VIGENCIA_DDL.SQL em ts/SEG_DES8
[16/12/2016 16:37:57] Atribuído objeto do tipo Sinonimo - TS_SISTEMA.CON_CALCULA_NOVA_VIGENCIA_DDL.SQL em seg_teste/SEG_VAZIO
[16/12/2016 16:37:57] Atribuído objeto do tipo Sinonimo - TS_SISTEMA.ANS_RPC_CANCELAMENTO_ddl.sql em ts/SEG_DES8
[16/12/2016 16:37:57] Atribuído objeto do tipo Sinonimo - TS_SISTEMA.ANS_RPC_CANCELAMENTO_ddl.sql em seg_teste/SEG_VAZIO
[16/12/2016 16:37:57] Atribuído objeto do tipo Sinonimo - ts_sistema.ans_rcs_consultas_rpc_ddl.sql em ts/SEG_DES8
[16/12/2016 16:37:57] Atribuído objeto do tipo Sinonimo - ts_sistema.ans_rcs_consultas_rpc_ddl.sql em seg_teste/SEG_VAZIO
[16/12/2016 16:37:57] Atribuído objeto do tipo Sinonimo - ts_sistema.ans_atu_contrato_plano_ret_ddl.sql em ts/SEG_DES8
[16/12/2016 16:37:57] Atribuído objeto do tipo Sinonimo - ts_sistema.ans_atu_contrato_plano_ret_ddl.sql em seg_teste/SEG_VAZIO
[16/12/2016 16:37:57] Atribuído objeto do tipo Sinonimo - ts_sistema.ans_atu_contrato_plano_canc_ddl.sql em ts/SEG_DES8
[16/12/2016 16:37:57] Atribuído objeto do tipo Sinonimo - ts_sistema.ans_atu_contrato_plano_canc_ddl.sql em seg_teste/SEG_VAZIO
[16/12/2016 16:37:57] Atribuído objeto do tipo Package - TS.CON_RETIFICAR_GRUPO_CONTRATO_DDL.SQL em ts/SEG_DES8
[16/12/2016 16:37:57] Atribuído objeto do tipo Package - TS.CON_RETIFICAR_GRUPO_CONTRATO_DDL.SQL em seg_teste/SEG_VAZIO
[16/12/2016 16:37:57] Atribuído objeto do tipo Package - ts.ass_cons_reajuste_ddl.sql em ts/SEG_DES8
[16/12/2016 16:37:57] Atribuído objeto do tipo Package - ts.ass_cons_reajuste_ddl.sql em seg_teste/SEG_VAZIO
[16/12/2016 16:37:57] Atribuído objeto do tipo Package - TS.ANS_RPC_CANCELAMENTO_ddl.sql em ts/SEG_DES8
[16/12/2016 16:37:57] Atribuído objeto do tipo Package - TS.ANS_RPC_CANCELAMENTO_ddl.sql em seg_teste/SEG_VAZIO
[16/12/2016 16:37:57] Atribuído objeto do tipo Package - ts.ans_rcs_consultas_rpc_ddl.sql em ts/SEG_DES8
[16/12/2016 16:37:57] Atribuído objeto do tipo Package - ts.ans_rcs_consultas_rpc_ddl.sql em seg_teste/SEG_VAZIO
[16/12/2016 16:37:57] Atribuído objeto do tipo Procedure - TS.CON_CALCULA_NOVA_VIGENCIA_ddl.sql em ts/SEG_DES8
[16/12/2016 16:37:57] Atribuído objeto do tipo Procedure - TS.CON_CALCULA_NOVA_VIGENCIA_ddl.sql em seg_teste/SEG_VAZIO
[16/12/2016 16:37:57] Atribuído objeto do tipo Procedure - TS.ANS_RPC_GERA_ARQUIVO_ddl.sql em ts/SEG_DES8
[16/12/2016 16:37:57] Atribuído objeto do tipo Procedure - TS.ANS_RPC_GERA_ARQUIVO_ddl.sql em seg_teste/SEG_VAZIO
[16/12/2016 16:37:57] Atribuído objeto do tipo Procedure - TS.ANS_RPC_APROVACAO_ddl.sql em ts/SEG_DES8
[16/12/2016 16:37:57] Atribuído objeto do tipo Procedure - TS.ANS_RPC_APROVACAO_ddl.sql em seg_teste/SEG_VAZIO
[16/12/2016 16:37:57] Atribuído objeto do tipo Procedure - ts.ans_atu_contrato_plano_ret_ddl.sql em ts/SEG_DES8
[16/12/2016 16:37:57] Atribuído objeto do tipo Procedure - ts.ans_atu_contrato_plano_ret_ddl.sql em seg_teste/SEG_VAZIO
[16/12/2016 16:37:57] Atribuído objeto do tipo Procedure - ts.ans_atu_contrato_plano_canc_ddl.sql em ts/SEG_DES8
[16/12/2016 16:37:57] Atribuído objeto do tipo Procedure - ts.ans_atu_contrato_plano_canc_ddl.sql em seg_teste/SEG_VAZIO
[16/12/2016 16:37:57] Atribuído objeto do tipo Index - TS.CONTRATO_PLANO_IDX004_DDL.SQL em ts/SEG_DES8
[16/12/2016 16:37:57] Atribuído objeto do tipo Index - TS.CONTRATO_PLANO_IDX004_DDL.SQL em seg_teste/SEG_VAZIO
[16/12/2016 16:37:57] Atribuído objeto do tipo Index - TS.CONTRATO_PLANO_IDX003_DDL.SQL em ts/SEG_DES8
[16/12/2016 16:37:57] Atribuído objeto do tipo Index - TS.CONTRATO_PLANO_IDX003_DDL.SQL em seg_teste/SEG_VAZIO
[16/12/2016 16:37:57] Atribuído objeto do tipo Index - TS.CONTRATO_COBRANCA_IDX010_DDL.SQL em ts/SEG_DES8
[16/12/2016 16:37:57] Atribuído objeto do tipo Index - TS.CONTRATO_COBRANCA_IDX010_DDL.SQL em seg_teste/SEG_VAZIO
[16/12/2016 16:37:57] Atribuído objeto do tipo Table - TS.TIPO_MOTIVO_JUSTIFICATIVA_RPC_ddl.sql em ts/SEG_DES8
[16/12/2016 16:37:57] Atribuído objeto do tipo Table - TS.TIPO_MOTIVO_JUSTIFICATIVA_RPC_ddl.sql em seg_teste/SEG_VAZIO
[16/12/2016 16:37:57] Atribuído objeto do tipo Table - TS.TIPO_JUSTIFICATIVA_RPC_ddl.sql em ts/SEG_DES8
[16/12/2016 16:37:57] Atribuído objeto do tipo Table - TS.TIPO_JUSTIFICATIVA_RPC_ddl.sql em seg_teste/SEG_VAZIO
[16/12/2016 16:37:57] Atribuído objeto do tipo Table - TS.CONTRATO_PLANO_ddl.sql em ts/SEG_DES8
[16/12/2016 16:37:57] Atribuído objeto do tipo Table - TS.CONTRATO_PLANO_ddl.sql em seg_teste/SEG_VAZIO
[16/12/2016 16:37:57] Atribuído objeto do tipo Table - ts.contrato_cobranca_ddl.sql em ts/SEG_DES8
[16/12/2016 16:37:57] Atribuído objeto do tipo Table - ts.contrato_cobranca_ddl.sql em seg_teste/SEG_VAZIO
[16/12/2016 16:37:57] Atribuído objeto do tipo Table - TS.ANS_TIPO_JUSTIFICATIVA_RPC_ddl.sql em ts/SEG_DES8
[16/12/2016 16:37:57] Atribuído objeto do tipo Table - TS.ANS_TIPO_JUSTIFICATIVA_RPC_ddl.sql em seg_teste/SEG_VAZIO
[16/12/2016 16:37:57] Atribuído objeto do tipo Table - TS.ANS_RPC_AUTOMATICO_ddl.sql em ts/SEG_DES8
[16/12/2016 16:37:57] Atribuído objeto do tipo Table - TS.ANS_RPC_AUTOMATICO_ddl.sql em seg_teste/SEG_VAZIO
[16/12/2016 16:37:59] Sistema alterando o aplica para ordem certa de aplicação
[16/12/2016 16:38:00] Selecionado P/ Não Criptografar em: SEG_VAZIO 
[16/12/2016 16:38:00] Selecionado P/ Criptografar em: SEG_DES8 
[16/12/2016 16:38:00] Arquivo "APLICA.SQL" criado com sucesso.
[16/12/2016 16:38:06] Executado o aplica no sqlplus.
[16/12/2016 17:49:36] Sistema finalizado.

