[11/08/2016 11:37:15] Sistema Iniciado.
[11/08/2016 12:14:59] Sistema finalizado.

[11/08/2016 14:15:00] Sistema Iniciado.
[11/08/2016 14:15:23] Aberto driver com Chrome.
[11/08/2016 14:16:05] Controle instanciado: 52557
[11/08/2016 14:51:32] Sistema Iniciado.
[11/08/2016 14:51:51] Aberto driver com Chrome.
[11/08/2016 14:57:59] Controle instanciado: 52560
[11/08/2016 15:02:56] Sistema finalizado.

[11/08/2016 15:03:28] Arquivo do pacote do CA 52560 extraído.
[11/08/2016 15:06:29] Banco Selecionado Para aplicar: HOMO_MED
[11/08/2016 15:06:35] Atribuído objeto do tipo Script - ts_script_insert_negociacao.sql em ts_teste/HOMO_MED
[11/08/2016 15:06:35] Atribuído objeto do tipo Package - TS.FAT_REL_DEMONSTRATIVO_COBRANCA_ddl.sql em ts_teste/HOMO_MED
[11/08/2016 15:06:35] Atribuído objeto do tipo Procedure - TS.REC_TIPO_NEGOCIACAO_COB_ddl.sql em ts_teste/HOMO_MED
[11/08/2016 15:06:35] Atribuído objeto do tipo Procedure - TS.REC_NEGOCIACAO_COBRANCA_ddl.sql em ts_teste/HOMO_MED
[11/08/2016 15:06:35] Atribuído objeto do tipo Table - TS.TIPO_NEGOCIACAO_COB_ddl.sql em ts_teste/HOMO_MED
[11/08/2016 15:06:35] Atribuído objeto do tipo Table - TS.PERFIL_NEG_CLIENTE_ddl.sql em ts_teste/HOMO_MED
[11/08/2016 15:06:35] Atribuído objeto do tipo Table - TS.PERFIL_NEGOCIACAO_ddl.sql em ts_teste/HOMO_MED
[11/08/2016 15:06:35] Atribuído objeto do tipo Table - TS.PERFIL_CLI_NEGOCIACAO_ddl.sql em ts_teste/HOMO_MED
[11/08/2016 15:06:35] Atribuído objeto do tipo Table - ts.cobranca_ddl.sql em ts_teste/HOMO_MED
[11/08/2016 15:06:38] Sistema alterando o aplica para ordem certa de aplicação
[11/08/2016 15:06:40] Selecionado P/ Não Criptografar em: HOMO_MED 
[11/08/2016 15:06:40] Selecionado P/ Criptografar em: 
[11/08/2016 15:06:40] Arquivo "APLICA.SQL" criado com sucesso.
[11/08/2016 15:07:04] Executado o aplica no sqlplus.
[11/08/2016 15:08:20] Log de aplicão no banco do CA 52560 aberto.
[11/08/2016 15:31:36] Sistema finalizado.

[11/08/2016 15:31:41] Sistema Iniciado.
[11/08/2016 15:32:56] Aberto driver com Chrome.
[11/08/2016 15:34:15] Sistema finalizado.

[11/08/2016 15:34:16] Sistema Iniciado.
[11/08/2016 15:34:46] Aberto driver com Chrome.
[11/08/2016 15:35:35] Controle instanciado: 52557
[11/08/2016 16:27:38] Banco Selecionado Para aplicar: HOMO_MED
[11/08/2016 16:27:38] Banco Selecionado Para aplicar: HOMO_ODO
[11/08/2016 16:27:42] Atribuído objeto do tipo Procedure - TS_METLIFE.ITF_MONDIAL_ddl.sql em ts_teste/HOMO_MED
[11/08/2016 16:27:42] Atribuído objeto do tipo Procedure - TS_METLIFE.ITF_MONDIAL_ddl.sql em ts_teste/HOMO_ODO
[11/08/2016 16:27:46] Sistema alterando o aplica para ordem certa de aplicação
[11/08/2016 16:27:49] Selecionado P/ Não Criptografar em: HOMO_MED HOMO_ODO 
[11/08/2016 16:27:49] Selecionado P/ Criptografar em: 
[11/08/2016 16:27:49] Arquivo "APLICA.SQL" criado com sucesso.
[11/08/2016 16:27:54] Executado o aplica no sqlplus.
[11/08/2016 16:30:54] Log de versões do CA 52557 aberto.
[11/08/2016 16:30:57] Log de aplicão no banco do CA 52557 aberto.
[11/08/2016 16:33:17] Banco Selecionado Para aplicar: DEMO_MED
[11/08/2016 16:33:17] Banco Selecionado Para aplicar: DEMO_ODO
[11/08/2016 16:33:17] Banco Selecionado Para aplicar: HOMO_MED
[11/08/2016 16:33:17] Banco Selecionado Para aplicar: HOMO_ODO
[11/08/2016 16:33:17] Banco Selecionado Para aplicar: METLIFE
[11/08/2016 16:33:30] Atribuído objeto do tipo Procedure - TS_METLIFE.ITF_MONDIAL_ddl.sql em ts/DEMO_MED
[11/08/2016 16:33:30] Atribuído objeto do tipo Procedure - TS_METLIFE.ITF_MONDIAL_ddl.sql em ts/DEMO_ODO
[11/08/2016 16:33:30] Atribuído objeto do tipo Procedure - TS_METLIFE.ITF_MONDIAL_ddl.sql em ts_teste/HOMO_MED
[11/08/2016 16:33:30] Atribuído objeto do tipo Procedure - TS_METLIFE.ITF_MONDIAL_ddl.sql em ts_teste/HOMO_ODO
[11/08/2016 16:33:30] Atribuído objeto do tipo Procedure - TS_METLIFE.ITF_MONDIAL_ddl.sql em ts/METLIFE
[11/08/2016 16:33:32] Sistema alterando o aplica para ordem certa de aplicação
[11/08/2016 16:33:35] Selecionado P/ Não Criptografar em: DEMO_MED DEMO_ODO HOMO_MED HOMO_ODO 
[11/08/2016 16:33:35] Selecionado P/ Criptografar em: METLIFE 
[11/08/2016 16:33:35] Arquivo "APLICA.SQL" criado com sucesso.
[11/08/2016 16:33:47] Executado o aplica no sqlplus.
[11/08/2016 16:40:02] Log de aplicão no banco do CA 52557 aberto.
[11/08/2016 16:41:54] Executado o aplica no sqlplus.
[11/08/2016 16:48:59] Log de aplicão no banco do CA 52557 aberto.
[11/08/2016 17:00:40] Sistema finalizado.

[11/08/2016 17:02:24] Sistema Iniciado.
[11/08/2016 17:03:26] Sistema finalizado.

